<?xml version="1.0" encoding="UTF-8"?>
<!-- Generated by org.testng.reporters.JUnitXMLReporter -->
<testsuite hostname="LAPTOP-L4O1C8HM" ignored="0" name="GanIntegrityTest1" tests="3" failures="0" timestamp="11 Aug 2021 21:07:06 GMT" time="58.368" errors="0">
  <testcase name="latestLegislationTestCase" time="11.595" classname="test.GanIntegrityTest"/>
  <testcase name="resourceCenterTestCase" time="16.903" classname="test.GanIntegrityTest"/>
  <testcase name="clearSearchBoxTestCase" time="10.771" classname="test.GanIntegrityTest"/>
</testsuite> <!-- GanIntegrityTest1 -->
