<?xml version="1.0" encoding="UTF-8"?>
<!-- Generated by org.testng.reporters.JUnitXMLReporter -->
<testsuite hostname="LAPTOP-L4O1C8HM" ignored="0" name="GanIntegrityTest1" tests="3" failures="0" timestamp="12 Aug 2021 19:31:14 GMT" time="50.101" errors="0">
  <testcase name="latestLegislationTestCase" time="8.854" classname="test.GanIntegrityTest"/>
  <testcase name="clearSearchBoxTestCase" time="8.857" classname="test.GanIntegrityTest"/>
  <testcase name="resourceCenterTestCase" time="13.052" classname="test.GanIntegrityTest"/>
</testsuite> <!-- GanIntegrityTest1 -->
